######################Training Started######################
Epoch 1
Average Training Loss of Epoch 1: 2.307313 | Acc: 9.25%
Average Validation Loss of Epoch 1: 2.302091 | Acc: 10.31%
####################Epoch 1 Model Saved#####################
Epoch 2
Average Training Loss of Epoch 2: 2.306566 | Acc: 8.37%
Average Validation Loss of Epoch 2: 2.303921 | Acc: 10.31%
####################Epoch 2 Model Saved#####################
Increment early stopper to 1 because val loss (2.3039205950133654) is greater than threshold (2.30209147686861)
Epoch 3
Average Training Loss of Epoch 3: 2.305048 | Acc: 9.25%
Average Validation Loss of Epoch 3: 2.305194 | Acc: 10.31%
####################Epoch 3 Model Saved#####################
Increment early stopper to 2 because val loss (2.3051939156590677) is greater than threshold (2.30209147686861)
Epoch 4
Average Training Loss of Epoch 4: 2.304077 | Acc: 7.88%
Average Validation Loss of Epoch 4: 2.304756 | Acc: 9.79%
####################Epoch 4 Model Saved#####################
Increment early stopper to 3 because val loss (2.304756432163472) is greater than threshold (2.30209147686861)
Epoch 5
Average Training Loss of Epoch 5: 2.303618 | Acc: 9.49%
Average Validation Loss of Epoch 5: 2.304660 | Acc: 11.34%
####################Epoch 5 Model Saved#####################
Increment early stopper to 4 because val loss (2.304660310550612) is greater than threshold (2.30209147686861)
Epoch 6
Average Training Loss of Epoch 6: 2.298661 | Acc: 11.67%
Average Validation Loss of Epoch 6: 2.300729 | Acc: 9.79%
####################Epoch 6 Model Saved#####################
Epoch 7
Average Training Loss of Epoch 7: 2.298714 | Acc: 11.67%
Average Validation Loss of Epoch 7: 2.300450 | Acc: 9.79%
####################Epoch 7 Model Saved#####################
Epoch 8
Average Training Loss of Epoch 8: 2.298659 | Acc: 11.58%
Average Validation Loss of Epoch 8: 2.300504 | Acc: 10.31%
####################Epoch 8 Model Saved#####################
Increment early stopper to 1 because val loss (2.3005040616405252) is greater than threshold (2.300450402863172)
Epoch 9
Average Training Loss of Epoch 9: 2.298529 | Acc: 11.26%
Average Validation Loss of Epoch 9: 2.300656 | Acc: 9.79%
####################Epoch 9 Model Saved#####################
Increment early stopper to 2 because val loss (2.3006559975293217) is greater than threshold (2.300450402863172)
Epoch 10
Average Training Loss of Epoch 10: 2.298962 | Acc: 10.86%
Average Validation Loss of Epoch 10: 2.300511 | Acc: 9.79%
####################Epoch 10 Model Saved####################
Increment early stopper to 3 because val loss (2.300511355302772) is greater than threshold (2.300450402863172)
Epoch 11
Average Training Loss of Epoch 11: 2.297387 | Acc: 11.99%
Average Validation Loss of Epoch 11: 2.300523 | Acc: 11.34%
####################Epoch 11 Model Saved####################
Increment early stopper to 4 because val loss (2.3005228334543655) is greater than threshold (2.300450402863172)
Epoch    11: reducing learning rate of group 0 to 1.0000e-07.
Epoch 12
Average Training Loss of Epoch 12: 2.297809 | Acc: 12.23%
Average Validation Loss of Epoch 12: 2.300740 | Acc: 10.82%
####################Epoch 12 Model Saved####################
Increment early stopper to 5 because val loss (2.300739862480942) is greater than threshold (2.300450402863172)
Epoch 13
Average Training Loss of Epoch 13: 2.299077 | Acc: 11.34%
Average Validation Loss of Epoch 13: 2.300198 | Acc: 8.76%
####################Epoch 13 Model Saved####################
Epoch 14
Average Training Loss of Epoch 14: 2.297355 | Acc: 13.44%
Average Validation Loss of Epoch 14: 2.300172 | Acc: 9.79%
####################Epoch 14 Model Saved####################
Epoch 15
Average Training Loss of Epoch 15: 2.297112 | Acc: 12.15%
Average Validation Loss of Epoch 15: 2.300063 | Acc: 8.76%
####################Epoch 15 Model Saved####################
Epoch 16
Average Training Loss of Epoch 16: 2.297021 | Acc: 12.47%
Average Validation Loss of Epoch 16: 2.300141 | Acc: 9.28%
####################Epoch 16 Model Saved####################
Increment early stopper to 1 because val loss (2.3001410425925743) is greater than threshold (2.3000626126114203)
Epoch 17
Average Training Loss of Epoch 17: 2.297545 | Acc: 12.15%
Average Validation Loss of Epoch 17: 2.300484 | Acc: 9.28%
####################Epoch 17 Model Saved####################
Increment early stopper to 2 because val loss (2.30048368415054) is greater than threshold (2.3000626126114203)
Epoch    17: reducing learning rate of group 0 to 1.0000e-08.
Epoch 18
Average Training Loss of Epoch 18: 2.297561 | Acc: 11.75%
Average Validation Loss of Epoch 18: 2.300579 | Acc: 8.76%
####################Epoch 18 Model Saved####################
Increment early stopper to 3 because val loss (2.3005792802693894) is greater than threshold (2.3000626126114203)
Epoch 19
Average Training Loss of Epoch 19: 2.298945 | Acc: 10.62%
Average Validation Loss of Epoch 19: 2.300134 | Acc: 9.79%
####################Epoch 19 Model Saved####################
Increment early stopper to 4 because val loss (2.300134410663527) is greater than threshold (2.3000626126114203)
Epoch 20
Average Training Loss of Epoch 20: 2.297259 | Acc: 12.47%
Average Validation Loss of Epoch 20: 2.299976 | Acc: 9.79%
####################Epoch 20 Model Saved####################
Epoch 21
Average Training Loss of Epoch 21: 2.298264 | Acc: 12.79%
Average Validation Loss of Epoch 21: 2.299912 | Acc: 8.76%
####################Epoch 21 Model Saved####################
Epoch 22
Average Training Loss of Epoch 22: 2.297748 | Acc: 12.15%
Average Validation Loss of Epoch 22: 2.299680 | Acc: 9.79%
####################Epoch 22 Model Saved####################
Epoch 23
Average Training Loss of Epoch 23: 2.297559 | Acc: 12.31%
Average Validation Loss of Epoch 23: 2.300461 | Acc: 8.76%
####################Epoch 23 Model Saved####################
Increment early stopper to 1 because val loss (2.3004612922668457) is greater than threshold (2.2996797318361244)
Epoch 24
Average Training Loss of Epoch 24: 2.297477 | Acc: 12.07%
Average Validation Loss of Epoch 24: 2.300282 | Acc: 8.76%
####################Epoch 24 Model Saved####################
Increment early stopper to 2 because val loss (2.3002824734668343) is greater than threshold (2.2996797318361244)
Epoch 25
Average Training Loss of Epoch 25: 2.297324 | Acc: 12.23%
Average Validation Loss of Epoch 25: 2.299825 | Acc: 8.76%
####################Epoch 25 Model Saved####################
Increment early stopper to 3 because val loss (2.2998248849596297) is greater than threshold (2.2996797318361244)
Epoch 26
Average Training Loss of Epoch 26: 2.297501 | Acc: 12.71%
Average Validation Loss of Epoch 26: 2.300288 | Acc: 8.76%
####################Epoch 26 Model Saved####################
Increment early stopper to 4 because val loss (2.3002876164961834) is greater than threshold (2.2996797318361244)
Epoch 27
Average Training Loss of Epoch 27: 2.297247 | Acc: 11.67%
Average Validation Loss of Epoch 27: 2.300666 | Acc: 8.76%
####################Epoch 27 Model Saved####################
Increment early stopper to 5 because val loss (2.3006656121234506) is greater than threshold (2.2996797318361244)
Epoch 28
Average Training Loss of Epoch 28: 2.298028 | Acc: 11.75%
Average Validation Loss of Epoch 28: 2.300395 | Acc: 8.76%
####################Epoch 28 Model Saved####################
Increment early stopper to 6 because val loss (2.3003950264989115) is greater than threshold (2.2996797318361244)
Epoch 29
Average Training Loss of Epoch 29: 2.298401 | Acc: 11.26%
Average Validation Loss of Epoch 29: 2.300435 | Acc: 9.79%
####################Epoch 29 Model Saved####################
Increment early stopper to 7 because val loss (2.3004350662231445) is greater than threshold (2.2996797318361244)
Epoch 30
Average Training Loss of Epoch 30: 2.297720 | Acc: 12.07%
Average Validation Loss of Epoch 30: 2.300362 | Acc: 9.28%
####################Epoch 30 Model Saved####################
Increment early stopper to 8 because val loss (2.3003623144967213) is greater than threshold (2.2996797318361244)
Epoch 31
Average Training Loss of Epoch 31: 2.297511 | Acc: 11.91%
Average Validation Loss of Epoch 31: 2.300504 | Acc: 9.79%
####################Epoch 31 Model Saved####################
Increment early stopper to 9 because val loss (2.300504188148343) is greater than threshold (2.2996797318361244)
Epoch 32
Average Training Loss of Epoch 32: 2.297502 | Acc: 12.95%
Average Validation Loss of Epoch 32: 2.300415 | Acc: 10.82%
####################Epoch 32 Model Saved####################
Increment early stopper to 10 because val loss (2.3004151461075764) is greater than threshold (2.2996797318361244)
Model has overfit, early stopping...
#####################Training Finished######################
