######################Training Started######################
Epoch 1
Average Training Loss of Epoch 1: 2.305931 | Acc: 9.09%
Average Validation Loss of Epoch 1: 2.304707 | Acc: 9.79%
####################Epoch 1 Model Saved#####################
Epoch 2
Average Training Loss of Epoch 2: 2.293217 | Acc: 12.47%
Average Validation Loss of Epoch 2: 2.303985 | Acc: 9.79%
####################Epoch 2 Model Saved#####################
Epoch 3
Average Training Loss of Epoch 3: 2.278434 | Acc: 18.26%
Average Validation Loss of Epoch 3: 2.303722 | Acc: 12.37%
####################Epoch 3 Model Saved#####################
Epoch 4
Average Training Loss of Epoch 4: 2.256247 | Acc: 23.49%
Average Validation Loss of Epoch 4: 2.306788 | Acc: 11.34%
####################Epoch 4 Model Saved#####################
Increment early stopper to 1 because val loss (2.306788498041581) is greater than threshold (2.303721763649765)
Epoch 5
Average Training Loss of Epoch 5: 2.208487 | Acc: 31.46%
Average Validation Loss of Epoch 5: 2.308020 | Acc: 10.31%
####################Epoch 5 Model Saved#####################
Increment early stopper to 2 because val loss (2.3080195504791883) is greater than threshold (2.303721763649765)
Epoch 6
Average Training Loss of Epoch 6: 2.100651 | Acc: 36.44%
Average Validation Loss of Epoch 6: 2.418023 | Acc: 12.37%
####################Epoch 6 Model Saved#####################
Increment early stopper to 3 because val loss (2.418023094838979) is greater than threshold (2.303721763649765)
Epoch 7
Average Training Loss of Epoch 7: 1.922617 | Acc: 42.08%
Average Validation Loss of Epoch 7: 2.485161 | Acc: 8.25%
####################Epoch 7 Model Saved#####################
Increment early stopper to 4 because val loss (2.485160530829916) is greater than threshold (2.303721763649765)
Epoch 8
Average Training Loss of Epoch 8: 1.714563 | Acc: 54.38%
Average Validation Loss of Epoch 8: 2.375099 | Acc: 8.76%
####################Epoch 8 Model Saved#####################
Increment early stopper to 5 because val loss (2.375099279442612) is greater than threshold (2.303721763649765)
Epoch 9
Average Training Loss of Epoch 9: 1.650062 | Acc: 57.84%
Average Validation Loss of Epoch 9: 2.404847 | Acc: 8.25%
####################Epoch 9 Model Saved#####################
Increment early stopper to 6 because val loss (2.404846901796302) is greater than threshold (2.303721763649765)
Epoch 10
Average Training Loss of Epoch 10: 1.628771 | Acc: 60.10%
Average Validation Loss of Epoch 10: 2.358350 | Acc: 8.76%
####################Epoch 10 Model Saved####################
Increment early stopper to 7 because val loss (2.3583500920509803) is greater than threshold (2.303721763649765)
Epoch 11
Average Training Loss of Epoch 11: 1.586940 | Acc: 62.35%
Average Validation Loss of Epoch 11: 2.407407 | Acc: 10.82%
####################Epoch 11 Model Saved####################
Increment early stopper to 8 because val loss (2.407406587989963) is greater than threshold (2.303721763649765)
Epoch 12
Average Training Loss of Epoch 12: 1.568676 | Acc: 63.15%
Average Validation Loss of Epoch 12: 2.376232 | Acc: 10.31%
####################Epoch 12 Model Saved####################
Increment early stopper to 9 because val loss (2.3762323540084216) is greater than threshold (2.303721763649765)
Epoch 13
Average Training Loss of Epoch 13: 1.549408 | Acc: 64.28%
Average Validation Loss of Epoch 13: 2.385558 | Acc: 8.76%
####################Epoch 13 Model Saved####################
Increment early stopper to 10 because val loss (2.385558315685817) is greater than threshold (2.303721763649765)
Model has overfit, early stopping...
#####################Training Finished######################